This file contains any messages produced by compilers while
running configure, to aid debugging if configure makes a mistake.

It was created by configure, which was
generated by GNU Autoconf 2.68.  Invocation command line was

  $ ./configure 

## --------- ##
## Platform. ##
## --------- ##

hostname = raiseking
uname -m = i686
uname -r = 3.5.0-54-generic
uname -s = Linux
uname -v = #81~precise1-Ubuntu SMP Tue Jul 15 04:05:58 UTC 2014

/usr/bin/uname -p = unknown
/bin/uname -X     = unknown

/bin/arch              = unknown
/usr/bin/arch -k       = unknown
/usr/convex/getsysinfo = unknown
/usr/bin/hostinfo      = unknown
/bin/machine           = unknown
/usr/bin/oslevel       = unknown
/bin/universe          = unknown

PATH: /usr/local/sbin
PATH: /usr/local/bin
PATH: /usr/sbin
PATH: /usr/bin
PATH: /sbin
PATH: /bin
PATH: /usr/games


## ----------- ##
## Core tests. ##
## ----------- ##

configure:2104: checking build system type
configure:2118: result: i686-pc-linux-gnu
configure:2138: checking host system type
configure:2151: result: i686-pc-linux-gnu
configure:2234: checking for gcc
configure:2250: found /usr/bin/gcc
configure:2261: result: gcc
configure:2490: checking for C compiler version
configure:2499: gcc --version >&5
gcc (Ubuntu/Linaro 4.6.3-1ubuntu5) 4.6.3
Copyright (C) 2011 Free Software Foundation, Inc.
This is free software; see the source for copying conditions.  There is NO
warranty; not even for MERCHANTABILITY or FITNESS FOR A PARTICULAR PURPOSE.

configure:2510: $? = 0
configure:2499: gcc -v >&5
Using built-in specs.
COLLECT_GCC=gcc
COLLECT_LTO_WRAPPER=/usr/lib/gcc/i686-linux-gnu/4.6/lto-wrapper
Target: i686-linux-gnu
Configured with: ../src/configure -v --with-pkgversion='Ubuntu/Linaro 4.6.3-1ubuntu5' --with-bugurl=file:///usr/share/doc/gcc-4.6/README.Bugs --enable-languages=c,c++,fortran,objc,obj-c++ --prefix=/usr --program-suffix=-4.6 --enable-shared --enable-linker-build-id --with-system-zlib --libexecdir=/usr/lib --without-included-gettext --enable-threads=posix --with-gxx-include-dir=/usr/include/c++/4.6 --libdir=/usr/lib --enable-nls --with-sysroot=/ --enable-clocale=gnu --enable-libstdcxx-debug --enable-libstdcxx-time=yes --enable-gnu-unique-object --enable-plugin --enable-objc-gc --enable-targets=all --disable-werror --with-arch-32=i686 --with-tune=generic --enable-checking=release --build=i686-linux-gnu --host=i686-linux-gnu --target=i686-linux-gnu
Thread model: posix
gcc version 4.6.3 (Ubuntu/Linaro 4.6.3-1ubuntu5) 
configure:2510: $? = 0
configure:2499: gcc -V >&5
gcc: error: unrecognized option '-V'
gcc: fatal error: no input files
compilation terminated.
configure:2510: $? = 4
configure:2499: gcc -qversion >&5
gcc: error: unrecognized option '-qversion'
gcc: fatal error: no input files
compilation terminated.
configure:2510: $? = 4
configure:2530: checking whether the C compiler works
configure:2552: gcc    conftest.c  >&5
configure:2556: $? = 0
configure:2604: result: yes
configure:2607: checking for C compiler default output file name
configure:2609: result: a.out
configure:2615: checking for suffix of executables
configure:2622: gcc -o conftest    conftest.c  >&5
configure:2626: $? = 0
configure:2648: result: 
configure:2670: checking whether we are cross compiling
configure:2678: gcc -o conftest    conftest.c  >&5
configure:2682: $? = 0
configure:2689: ./conftest
configure:2693: $? = 0
configure:2708: result: no
configure:2713: checking for suffix of object files
configure:2735: gcc -c   conftest.c >&5
configure:2739: $? = 0
configure:2760: result: o
configure:2764: checking whether we are using the GNU C compiler
configure:2783: gcc -c   conftest.c >&5
configure:2783: $? = 0
configure:2792: result: yes
configure:2801: checking whether gcc accepts -g
configure:2821: gcc -c -g  conftest.c >&5
configure:2821: $? = 0
configure:2862: result: yes
configure:2879: checking for gcc option to accept ISO C89
configure:2943: gcc  -c -g -O2  conftest.c >&5
configure:2943: $? = 0
configure:2956: result: none needed
configure:3019: checking for ranlib
configure:3035: found /usr/bin/ranlib
configure:3046: result: ranlib
configure:3070: checking for pthread_create in -lpthread
configure:3095: gcc -o conftest -g -O2   conftest.c -lpthread   >&5
configure:3095: $? = 0
configure:3104: result: yes
configure:3168: checking for t_open in -lnsl
configure:3193: gcc -o conftest -g -O2 -D_REENTRANT   conftest.c -lnsl  -lpthread  >&5
/tmp/ccd6iGLy.o: In function `main':
/goku_studio/unpv1/conftest.c:22: undefined reference to `t_open'
collect2: ld returned 1 exit status
configure:3193: $? = 1
configure: failed program was:
| /* confdefs.h */
| #define PACKAGE_NAME ""
| #define PACKAGE_TARNAME ""
| #define PACKAGE_VERSION ""
| #define PACKAGE_STRING ""
| #define PACKAGE_BUGREPORT ""
| #define PACKAGE_URL ""
| #define CPU_VENDOR_OS "i686-pc-linux-gnu"
| #define HAVE_LIBPTHREAD 1
| /* end confdefs.h.  */
| 
| /* Override any GCC internal prototype to avoid an error.
|    Use char because int might match the return type of a GCC
|    builtin and then its argument prototype would still apply.  */
| #ifdef __cplusplus
| extern "C"
| #endif
| char t_open ();
| int
| main ()
| {
| return t_open ();
|   ;
|   return 0;
| }
configure:3202: result: no
configure:3213: checking for library containing socket
configure:3244: gcc -o conftest -g -O2 -D_REENTRANT   conftest.c -lpthread  >&5
configure:3244: $? = 0
configure:3261: result: none required
configure:3270: checking for /usr/local/bind/lib/libbind.a
configure:3277: result: no
configure:3279: checking for /root/libbind.a
configure:3286: result: no
configure:3288: checking for /root/libresolv.a
configure:3295: result: no
configure:3297: checking for res_init in -lresolv
configure:3322: gcc -o conftest -g -O2 -D_REENTRANT   conftest.c -lresolv  -lpthread  >&5
/tmp/ccjJHoKK.o: In function `main':
/goku_studio/unpv1/conftest.c:22: undefined reference to `res_init'
collect2: ld returned 1 exit status
configure:3322: $? = 1
configure: failed program was:
| /* confdefs.h */
| #define PACKAGE_NAME ""
| #define PACKAGE_TARNAME ""
| #define PACKAGE_VERSION ""
| #define PACKAGE_STRING ""
| #define PACKAGE_BUGREPORT ""
| #define PACKAGE_URL ""
| #define CPU_VENDOR_OS "i686-pc-linux-gnu"
| #define HAVE_LIBPTHREAD 1
| /* end confdefs.h.  */
| 
| /* Override any GCC internal prototype to avoid an error.
|    Use char because int might match the return type of a GCC
|    builtin and then its argument prototype would still apply.  */
| #ifdef __cplusplus
| extern "C"
| #endif
| char res_init ();
| int
| main ()
| {
| return res_init ();
|   ;
|   return 0;
| }
configure:3331: result: no
configure:3346: checking for t_open in -lxti
configure:3371: gcc -o conftest -g -O2 -D_REENTRANT   conftest.c -lxti  -lpthread  >&5
/usr/bin/ld: cannot find -lxti
collect2: ld returned 1 exit status
configure:3371: $? = 1
configure: failed program was:
| /* confdefs.h */
| #define PACKAGE_NAME ""
| #define PACKAGE_TARNAME ""
| #define PACKAGE_VERSION ""
| #define PACKAGE_STRING ""
| #define PACKAGE_BUGREPORT ""
| #define PACKAGE_URL ""
| #define CPU_VENDOR_OS "i686-pc-linux-gnu"
| #define HAVE_LIBPTHREAD 1
| /* end confdefs.h.  */
| 
| /* Override any GCC internal prototype to avoid an error.
|    Use char because int might match the return type of a GCC
|    builtin and then its argument prototype would still apply.  */
| #ifdef __cplusplus
| extern "C"
| #endif
| char t_open ();
| int
| main ()
| {
| return t_open ();
|   ;
|   return 0;
| }
configure:3380: result: no
configure:3392: checking for /root/libunp.a
configure:3400: result: no
configure:3406: checking for /root/libunpxti.a
configure:3414: result: no
configure:3425: checking how to run the C preprocessor
configure:3456: gcc -E  conftest.c
configure:3456: $? = 0
configure:3470: gcc -E  conftest.c
conftest.c:11:28: fatal error: ac_nonexistent.h: No such file or directory
compilation terminated.
configure:3470: $? = 1
configure: failed program was:
| /* confdefs.h */
| #define PACKAGE_NAME ""
| #define PACKAGE_TARNAME ""
| #define PACKAGE_VERSION ""
| #define PACKAGE_STRING ""
| #define PACKAGE_BUGREPORT ""
| #define PACKAGE_URL ""
| #define CPU_VENDOR_OS "i686-pc-linux-gnu"
| #define HAVE_LIBPTHREAD 1
| /* end confdefs.h.  */
| #include <ac_nonexistent.h>
configure:3495: result: gcc -E
configure:3515: gcc -E  conftest.c
configure:3515: $? = 0
configure:3529: gcc -E  conftest.c
conftest.c:11:28: fatal error: ac_nonexistent.h: No such file or directory
compilation terminated.
configure:3529: $? = 1
configure: failed program was:
| /* confdefs.h */
| #define PACKAGE_NAME ""
| #define PACKAGE_TARNAME ""
| #define PACKAGE_VERSION ""
| #define PACKAGE_STRING ""
| #define PACKAGE_BUGREPORT ""
| #define PACKAGE_URL ""
| #define CPU_VENDOR_OS "i686-pc-linux-gnu"
| #define HAVE_LIBPTHREAD 1
| /* end confdefs.h.  */
| #include <ac_nonexistent.h>
configure:3558: checking for grep that handles long lines and -e
configure:3616: result: /bin/grep
configure:3621: checking for egrep
configure:3683: result: /bin/grep -E
configure:3688: checking for ANSI C header files
configure:3708: gcc -c -g -O2 -D_REENTRANT  conftest.c >&5
configure:3708: $? = 0
configure:3781: gcc -o conftest -g -O2 -D_REENTRANT   conftest.c -lpthread  >&5
configure:3781: $? = 0
configure:3781: ./conftest
configure:3781: $? = 0
configure:3792: result: yes
configure:3803: checking for sys/types.h
configure:3803: gcc -c -g -O2 -D_REENTRANT  conftest.c >&5
configure:3803: $? = 0
configure:3803: result: yes
configure:3803: checking for sys/socket.h
configure:3803: gcc -c -g -O2 -D_REENTRANT  conftest.c >&5
configure:3803: $? = 0
configure:3803: result: yes
configure:3803: checking for sys/time.h
configure:3803: gcc -c -g -O2 -D_REENTRANT  conftest.c >&5
configure:3803: $? = 0
configure:3803: result: yes
configure:3803: checking for time.h
configure:3803: gcc -c -g -O2 -D_REENTRANT  conftest.c >&5
configure:3803: $? = 0
configure:3803: result: yes
configure:3803: checking for netinet/in.h
configure:3803: gcc -c -g -O2 -D_REENTRANT  conftest.c >&5
configure:3803: $? = 0
configure:3803: result: yes
configure:3803: checking for arpa/inet.h
configure:3803: gcc -c -g -O2 -D_REENTRANT  conftest.c >&5
configure:3803: $? = 0
configure:3803: result: yes
configure:3803: checking for errno.h
configure:3803: gcc -c -g -O2 -D_REENTRANT  conftest.c >&5
configure:3803: $? = 0
configure:3803: result: yes
configure:3803: checking for fcntl.h
configure:3803: gcc -c -g -O2 -D_REENTRANT  conftest.c >&5
configure:3803: $? = 0
configure:3803: result: yes
configure:3803: checking for netdb.h
configure:3803: gcc -c -g -O2 -D_REENTRANT  conftest.c >&5
configure:3803: $? = 0
configure:3803: result: yes
configure:3803: checking for signal.h
configure:3803: gcc -c -g -O2 -D_REENTRANT  conftest.c >&5
configure:3803: $? = 0
configure:3803: result: yes
configure:3803: checking for stdio.h
configure:3803: gcc -c -g -O2 -D_REENTRANT  conftest.c >&5
configure:3803: $? = 0
configure:3803: result: yes
configure:3803: checking for stdlib.h
configure:3803: gcc -c -g -O2 -D_REENTRANT  conftest.c >&5
configure:3803: $? = 0
configure:3803: result: yes
configure:3803: checking for string.h
configure:3803: gcc -c -g -O2 -D_REENTRANT  conftest.c >&5
configure:3803: $? = 0
configure:3803: result: yes
configure:3803: checking for sys/stat.h
configure:3803: gcc -c -g -O2 -D_REENTRANT  conftest.c >&5
configure:3803: $? = 0
configure:3803: result: yes
configure:3803: checking for sys/uio.h
configure:3803: gcc -c -g -O2 -D_REENTRANT  conftest.c >&5
configure:3803: $? = 0
configure:3803: result: yes
configure:3803: checking for unistd.h
configure:3803: gcc -c -g -O2 -D_REENTRANT  conftest.c >&5
configure:3803: $? = 0
configure:3803: result: yes
configure:3803: checking for sys/wait.h
configure:3803: gcc -c -g -O2 -D_REENTRANT  conftest.c >&5
configure:3803: $? = 0
configure:3803: result: yes
configure:3803: checking for sys/un.h
configure:3803: gcc -c -g -O2 -D_REENTRANT  conftest.c >&5
configure:3803: $? = 0
configure:3803: result: yes
configure:3803: checking for sys/param.h
configure:3803: gcc -c -g -O2 -D_REENTRANT  conftest.c >&5
configure:3803: $? = 0
configure:3803: result: yes
configure:3803: checking for sys/select.h
configure:3803: gcc -c -g -O2 -D_REENTRANT  conftest.c >&5
configure:3803: $? = 0
configure:3803: result: yes
configure:3803: checking for sys/sysctl.h
configure:3803: gcc -c -g -O2 -D_REENTRANT  conftest.c >&5
configure:3803: $? = 0
configure:3803: result: yes
configure:3803: checking for poll.h
configure:3803: gcc -c -g -O2 -D_REENTRANT  conftest.c >&5
configure:3803: $? = 0
configure:3803: result: yes
configure:3803: checking for sys/event.h
configure:3803: gcc -c -g -O2 -D_REENTRANT  conftest.c >&5
conftest.c:73:23: fatal error: sys/event.h: No such file or directory
compilation terminated.
configure:3803: $? = 1
configure: failed program was:
| /* confdefs.h */
| #define PACKAGE_NAME ""
| #define PACKAGE_TARNAME ""
| #define PACKAGE_VERSION ""
| #define PACKAGE_STRING ""
| #define PACKAGE_BUGREPORT ""
| #define PACKAGE_URL ""
| #define CPU_VENDOR_OS "i686-pc-linux-gnu"
| #define HAVE_LIBPTHREAD 1
| #define STDC_HEADERS 1
| #define HAVE_SYS_TYPES_H 1
| #define HAVE_SYS_SOCKET_H 1
| #define HAVE_SYS_TIME_H 1
| #define HAVE_TIME_H 1
| #define HAVE_NETINET_IN_H 1
| #define HAVE_ARPA_INET_H 1
| #define HAVE_ERRNO_H 1
| #define HAVE_FCNTL_H 1
| #define HAVE_NETDB_H 1
| #define HAVE_SIGNAL_H 1
| #define HAVE_STDIO_H 1
| #define HAVE_STDLIB_H 1
| #define HAVE_STRING_H 1
| #define HAVE_SYS_STAT_H 1
| #define HAVE_SYS_UIO_H 1
| #define HAVE_UNISTD_H 1
| #define HAVE_SYS_WAIT_H 1
| #define HAVE_SYS_UN_H 1
| #define HAVE_SYS_PARAM_H 1
| #define HAVE_SYS_SELECT_H 1
| #define HAVE_SYS_SYSCTL_H 1
| #define HAVE_POLL_H 1
| /* end confdefs.h.  */
| 
| #include <stdio.h>
| #if HAVE_SYS_TYPES_H
| # include <sys/types.h>
| #endif
| #if HAVE_SYS_STAT_H
| # include <sys/stat.h>
| #endif
| #if STDC_HEADERS
| # include <stdlib.h>
| # include <stddef.h>
| #else
| # if HAVE_STDLIB_H
| #  include <stdlib.h>
| # endif
| #endif
| #if HAVE_STRING_H
| # if !STDC_HEADERS && HAVE_MEMORY_H
| #  include <memory.h>
| # endif
| # include <string.h>
| #endif
| #if HAVE_STRINGS_H
| # include <strings.h>
| #endif
| #if HAVE_INTTYPES_H
| # include <inttypes.h>
| #else
| # if HAVE_STDINT_H
| #  include <stdint.h>
| # endif
| #endif
| #if HAVE_UNISTD_H
| # include <unistd.h>
| #endif
| #if HAVE_SYS_PARAM_H
| # include <sys/param.h>
| #endif
| 
| #include <sys/event.h>
configure:3803: result: no
configure:3803: checking for strings.h
configure:3803: gcc -c -g -O2 -D_REENTRANT  conftest.c >&5
configure:3803: $? = 0
configure:3803: result: yes
configure:3803: checking for sys/ioctl.h
configure:3803: gcc -c -g -O2 -D_REENTRANT  conftest.c >&5
configure:3803: $? = 0
configure:3803: result: yes
configure:3803: checking for sys/filio.h
configure:3803: gcc -c -g -O2 -D_REENTRANT  conftest.c >&5
conftest.c:75:23: fatal error: sys/filio.h: No such file or directory
compilation terminated.
configure:3803: $? = 1
configure: failed program was:
| /* confdefs.h */
| #define PACKAGE_NAME ""
| #define PACKAGE_TARNAME ""
| #define PACKAGE_VERSION ""
| #define PACKAGE_STRING ""
| #define PACKAGE_BUGREPORT ""
| #define PACKAGE_URL ""
| #define CPU_VENDOR_OS "i686-pc-linux-gnu"
| #define HAVE_LIBPTHREAD 1
| #define STDC_HEADERS 1
| #define HAVE_SYS_TYPES_H 1
| #define HAVE_SYS_SOCKET_H 1
| #define HAVE_SYS_TIME_H 1
| #define HAVE_TIME_H 1
| #define HAVE_NETINET_IN_H 1
| #define HAVE_ARPA_INET_H 1
| #define HAVE_ERRNO_H 1
| #define HAVE_FCNTL_H 1
| #define HAVE_NETDB_H 1
| #define HAVE_SIGNAL_H 1
| #define HAVE_STDIO_H 1
| #define HAVE_STDLIB_H 1
| #define HAVE_STRING_H 1
| #define HAVE_SYS_STAT_H 1
| #define HAVE_SYS_UIO_H 1
| #define HAVE_UNISTD_H 1
| #define HAVE_SYS_WAIT_H 1
| #define HAVE_SYS_UN_H 1
| #define HAVE_SYS_PARAM_H 1
| #define HAVE_SYS_SELECT_H 1
| #define HAVE_SYS_SYSCTL_H 1
| #define HAVE_POLL_H 1
| #define HAVE_STRINGS_H 1
| #define HAVE_SYS_IOCTL_H 1
| /* end confdefs.h.  */
| 
| #include <stdio.h>
| #if HAVE_SYS_TYPES_H
| # include <sys/types.h>
| #endif
| #if HAVE_SYS_STAT_H
| # include <sys/stat.h>
| #endif
| #if STDC_HEADERS
| # include <stdlib.h>
| # include <stddef.h>
| #else
| # if HAVE_STDLIB_H
| #  include <stdlib.h>
| # endif
| #endif
| #if HAVE_STRING_H
| # if !STDC_HEADERS && HAVE_MEMORY_H
| #  include <memory.h>
| # endif
| # include <string.h>
| #endif
| #if HAVE_STRINGS_H
| # include <strings.h>
| #endif
| #if HAVE_INTTYPES_H
| # include <inttypes.h>
| #else
| # if HAVE_STDINT_H
| #  include <stdint.h>
| # endif
| #endif
| #if HAVE_UNISTD_H
| # include <unistd.h>
| #endif
| #if HAVE_SYS_PARAM_H
| # include <sys/param.h>
| #endif
| 
| #include <sys/filio.h>
configure:3803: result: no
configure:3803: checking for sys/sockio.h
configure:3803: gcc -c -g -O2 -D_REENTRANT  conftest.c >&5
conftest.c:75:24: fatal error: sys/sockio.h: No such file or directory
compilation terminated.
configure:3803: $? = 1
configure: failed program was:
| /* confdefs.h */
| #define PACKAGE_NAME ""
| #define PACKAGE_TARNAME ""
| #define PACKAGE_VERSION ""
| #define PACKAGE_STRING ""
| #define PACKAGE_BUGREPORT ""
| #define PACKAGE_URL ""
| #define CPU_VENDOR_OS "i686-pc-linux-gnu"
| #define HAVE_LIBPTHREAD 1
| #define STDC_HEADERS 1
| #define HAVE_SYS_TYPES_H 1
| #define HAVE_SYS_SOCKET_H 1
| #define HAVE_SYS_TIME_H 1
| #define HAVE_TIME_H 1
| #define HAVE_NETINET_IN_H 1
| #define HAVE_ARPA_INET_H 1
| #define HAVE_ERRNO_H 1
| #define HAVE_FCNTL_H 1
| #define HAVE_NETDB_H 1
| #define HAVE_SIGNAL_H 1
| #define HAVE_STDIO_H 1
| #define HAVE_STDLIB_H 1
| #define HAVE_STRING_H 1
| #define HAVE_SYS_STAT_H 1
| #define HAVE_SYS_UIO_H 1
| #define HAVE_UNISTD_H 1
| #define HAVE_SYS_WAIT_H 1
| #define HAVE_SYS_UN_H 1
| #define HAVE_SYS_PARAM_H 1
| #define HAVE_SYS_SELECT_H 1
| #define HAVE_SYS_SYSCTL_H 1
| #define HAVE_POLL_H 1
| #define HAVE_STRINGS_H 1
| #define HAVE_SYS_IOCTL_H 1
| /* end confdefs.h.  */
| 
| #include <stdio.h>
| #if HAVE_SYS_TYPES_H
| # include <sys/types.h>
| #endif
| #if HAVE_SYS_STAT_H
| # include <sys/stat.h>
| #endif
| #if STDC_HEADERS
| # include <stdlib.h>
| # include <stddef.h>
| #else
| # if HAVE_STDLIB_H
| #  include <stdlib.h>
| # endif
| #endif
| #if HAVE_STRING_H
| # if !STDC_HEADERS && HAVE_MEMORY_H
| #  include <memory.h>
| # endif
| # include <string.h>
| #endif
| #if HAVE_STRINGS_H
| # include <strings.h>
| #endif
| #if HAVE_INTTYPES_H
| # include <inttypes.h>
| #else
| # if HAVE_STDINT_H
| #  include <stdint.h>
| # endif
| #endif
| #if HAVE_UNISTD_H
| # include <unistd.h>
| #endif
| #if HAVE_SYS_PARAM_H
| # include <sys/param.h>
| #endif
| 
| #include <sys/sockio.h>
configure:3803: result: no
configure:3803: checking for pthread.h
configure:3803: gcc -c -g -O2 -D_REENTRANT  conftest.c >&5
configure:3803: $? = 0
configure:3803: result: yes
configure:3803: checking for net/if_dl.h
configure:3803: gcc -c -g -O2 -D_REENTRANT  conftest.c >&5
conftest.c:76:23: fatal error: net/if_dl.h: No such file or directory
compilation terminated.
configure:3803: $? = 1
configure: failed program was:
| /* confdefs.h */
| #define PACKAGE_NAME ""
| #define PACKAGE_TARNAME ""
| #define PACKAGE_VERSION ""
| #define PACKAGE_STRING ""
| #define PACKAGE_BUGREPORT ""
| #define PACKAGE_URL ""
| #define CPU_VENDOR_OS "i686-pc-linux-gnu"
| #define HAVE_LIBPTHREAD 1
| #define STDC_HEADERS 1
| #define HAVE_SYS_TYPES_H 1
| #define HAVE_SYS_SOCKET_H 1
| #define HAVE_SYS_TIME_H 1
| #define HAVE_TIME_H 1
| #define HAVE_NETINET_IN_H 1
| #define HAVE_ARPA_INET_H 1
| #define HAVE_ERRNO_H 1
| #define HAVE_FCNTL_H 1
| #define HAVE_NETDB_H 1
| #define HAVE_SIGNAL_H 1
| #define HAVE_STDIO_H 1
| #define HAVE_STDLIB_H 1
| #define HAVE_STRING_H 1
| #define HAVE_SYS_STAT_H 1
| #define HAVE_SYS_UIO_H 1
| #define HAVE_UNISTD_H 1
| #define HAVE_SYS_WAIT_H 1
| #define HAVE_SYS_UN_H 1
| #define HAVE_SYS_PARAM_H 1
| #define HAVE_SYS_SELECT_H 1
| #define HAVE_SYS_SYSCTL_H 1
| #define HAVE_POLL_H 1
| #define HAVE_STRINGS_H 1
| #define HAVE_SYS_IOCTL_H 1
| #define HAVE_PTHREAD_H 1
| /* end confdefs.h.  */
| 
| #include <stdio.h>
| #if HAVE_SYS_TYPES_H
| # include <sys/types.h>
| #endif
| #if HAVE_SYS_STAT_H
| # include <sys/stat.h>
| #endif
| #if STDC_HEADERS
| # include <stdlib.h>
| # include <stddef.h>
| #else
| # if HAVE_STDLIB_H
| #  include <stdlib.h>
| # endif
| #endif
| #if HAVE_STRING_H
| # if !STDC_HEADERS && HAVE_MEMORY_H
| #  include <memory.h>
| # endif
| # include <string.h>
| #endif
| #if HAVE_STRINGS_H
| # include <strings.h>
| #endif
| #if HAVE_INTTYPES_H
| # include <inttypes.h>
| #else
| # if HAVE_STDINT_H
| #  include <stdint.h>
| # endif
| #endif
| #if HAVE_UNISTD_H
| # include <unistd.h>
| #endif
| #if HAVE_SYS_PARAM_H
| # include <sys/param.h>
| #endif
| 
| #include <net/if_dl.h>
configure:3803: result: no
configure:3803: checking for xti.h
configure:3803: gcc -c -g -O2 -D_REENTRANT  conftest.c >&5
conftest.c:76:17: fatal error: xti.h: No such file or directory
compilation terminated.
configure:3803: $? = 1
configure: failed program was:
| /* confdefs.h */
| #define PACKAGE_NAME ""
| #define PACKAGE_TARNAME ""
| #define PACKAGE_VERSION ""
| #define PACKAGE_STRING ""
| #define PACKAGE_BUGREPORT ""
| #define PACKAGE_URL ""
| #define CPU_VENDOR_OS "i686-pc-linux-gnu"
| #define HAVE_LIBPTHREAD 1
| #define STDC_HEADERS 1
| #define HAVE_SYS_TYPES_H 1
| #define HAVE_SYS_SOCKET_H 1
| #define HAVE_SYS_TIME_H 1
| #define HAVE_TIME_H 1
| #define HAVE_NETINET_IN_H 1
| #define HAVE_ARPA_INET_H 1
| #define HAVE_ERRNO_H 1
| #define HAVE_FCNTL_H 1
| #define HAVE_NETDB_H 1
| #define HAVE_SIGNAL_H 1
| #define HAVE_STDIO_H 1
| #define HAVE_STDLIB_H 1
| #define HAVE_STRING_H 1
| #define HAVE_SYS_STAT_H 1
| #define HAVE_SYS_UIO_H 1
| #define HAVE_UNISTD_H 1
| #define HAVE_SYS_WAIT_H 1
| #define HAVE_SYS_UN_H 1
| #define HAVE_SYS_PARAM_H 1
| #define HAVE_SYS_SELECT_H 1
| #define HAVE_SYS_SYSCTL_H 1
| #define HAVE_POLL_H 1
| #define HAVE_STRINGS_H 1
| #define HAVE_SYS_IOCTL_H 1
| #define HAVE_PTHREAD_H 1
| /* end confdefs.h.  */
| 
| #include <stdio.h>
| #if HAVE_SYS_TYPES_H
| # include <sys/types.h>
| #endif
| #if HAVE_SYS_STAT_H
| # include <sys/stat.h>
| #endif
| #if STDC_HEADERS
| # include <stdlib.h>
| # include <stddef.h>
| #else
| # if HAVE_STDLIB_H
| #  include <stdlib.h>
| # endif
| #endif
| #if HAVE_STRING_H
| # if !STDC_HEADERS && HAVE_MEMORY_H
| #  include <memory.h>
| # endif
| # include <string.h>
| #endif
| #if HAVE_STRINGS_H
| # include <strings.h>
| #endif
| #if HAVE_INTTYPES_H
| # include <inttypes.h>
| #else
| # if HAVE_STDINT_H
| #  include <stdint.h>
| # endif
| #endif
| #if HAVE_UNISTD_H
| # include <unistd.h>
| #endif
| #if HAVE_SYS_PARAM_H
| # include <sys/param.h>
| #endif
| 
| #include <xti.h>
configure:3803: result: no
configure:3803: checking for xti_inet.h
configure:3803: gcc -c -g -O2 -D_REENTRANT  conftest.c >&5
conftest.c:76:22: fatal error: xti_inet.h: No such file or directory
compilation terminated.
configure:3803: $? = 1
configure: failed program was:
| /* confdefs.h */
| #define PACKAGE_NAME ""
| #define PACKAGE_TARNAME ""
| #define PACKAGE_VERSION ""
| #define PACKAGE_STRING ""
| #define PACKAGE_BUGREPORT ""
| #define PACKAGE_URL ""
| #define CPU_VENDOR_OS "i686-pc-linux-gnu"
| #define HAVE_LIBPTHREAD 1
| #define STDC_HEADERS 1
| #define HAVE_SYS_TYPES_H 1
| #define HAVE_SYS_SOCKET_H 1
| #define HAVE_SYS_TIME_H 1
| #define HAVE_TIME_H 1
| #define HAVE_NETINET_IN_H 1
| #define HAVE_ARPA_INET_H 1
| #define HAVE_ERRNO_H 1
| #define HAVE_FCNTL_H 1
| #define HAVE_NETDB_H 1
| #define HAVE_SIGNAL_H 1
| #define HAVE_STDIO_H 1
| #define HAVE_STDLIB_H 1
| #define HAVE_STRING_H 1
| #define HAVE_SYS_STAT_H 1
| #define HAVE_SYS_UIO_H 1
| #define HAVE_UNISTD_H 1
| #define HAVE_SYS_WAIT_H 1
| #define HAVE_SYS_UN_H 1
| #define HAVE_SYS_PARAM_H 1
| #define HAVE_SYS_SELECT_H 1
| #define HAVE_SYS_SYSCTL_H 1
| #define HAVE_POLL_H 1
| #define HAVE_STRINGS_H 1
| #define HAVE_SYS_IOCTL_H 1
| #define HAVE_PTHREAD_H 1
| /* end confdefs.h.  */
| 
| #include <stdio.h>
| #if HAVE_SYS_TYPES_H
| # include <sys/types.h>
| #endif
| #if HAVE_SYS_STAT_H
| # include <sys/stat.h>
| #endif
| #if STDC_HEADERS
| # include <stdlib.h>
| # include <stddef.h>
| #else
| # if HAVE_STDLIB_H
| #  include <stdlib.h>
| # endif
| #endif
| #if HAVE_STRING_H
| # if !STDC_HEADERS && HAVE_MEMORY_H
| #  include <memory.h>
| # endif
| # include <string.h>
| #endif
| #if HAVE_STRINGS_H
| # include <strings.h>
| #endif
| #if HAVE_INTTYPES_H
| # include <inttypes.h>
| #else
| # if HAVE_STDINT_H
| #  include <stdint.h>
| # endif
| #endif
| #if HAVE_UNISTD_H
| # include <unistd.h>
| #endif
| #if HAVE_SYS_PARAM_H
| # include <sys/param.h>
| #endif
| 
| #include <xti_inet.h>
configure:3803: result: no
configure:3803: checking for netconfig.h
configure:3803: gcc -c -g -O2 -D_REENTRANT  conftest.c >&5
conftest.c:76:23: fatal error: netconfig.h: No such file or directory
compilation terminated.
configure:3803: $? = 1
configure: failed program was:
| /* confdefs.h */
| #define PACKAGE_NAME ""
| #define PACKAGE_TARNAME ""
| #define PACKAGE_VERSION ""
| #define PACKAGE_STRING ""
| #define PACKAGE_BUGREPORT ""
| #define PACKAGE_URL ""
| #define CPU_VENDOR_OS "i686-pc-linux-gnu"
| #define HAVE_LIBPTHREAD 1
| #define STDC_HEADERS 1
| #define HAVE_SYS_TYPES_H 1
| #define HAVE_SYS_SOCKET_H 1
| #define HAVE_SYS_TIME_H 1
| #define HAVE_TIME_H 1
| #define HAVE_NETINET_IN_H 1
| #define HAVE_ARPA_INET_H 1
| #define HAVE_ERRNO_H 1
| #define HAVE_FCNTL_H 1
| #define HAVE_NETDB_H 1
| #define HAVE_SIGNAL_H 1
| #define HAVE_STDIO_H 1
| #define HAVE_STDLIB_H 1
| #define HAVE_STRING_H 1
| #define HAVE_SYS_STAT_H 1
| #define HAVE_SYS_UIO_H 1
| #define HAVE_UNISTD_H 1
| #define HAVE_SYS_WAIT_H 1
| #define HAVE_SYS_UN_H 1
| #define HAVE_SYS_PARAM_H 1
| #define HAVE_SYS_SELECT_H 1
| #define HAVE_SYS_SYSCTL_H 1
| #define HAVE_POLL_H 1
| #define HAVE_STRINGS_H 1
| #define HAVE_SYS_IOCTL_H 1
| #define HAVE_PTHREAD_H 1
| /* end confdefs.h.  */
| 
| #include <stdio.h>
| #if HAVE_SYS_TYPES_H
| # include <sys/types.h>
| #endif
| #if HAVE_SYS_STAT_H
| # include <sys/stat.h>
| #endif
| #if STDC_HEADERS
| # include <stdlib.h>
| # include <stddef.h>
| #else
| # if HAVE_STDLIB_H
| #  include <stdlib.h>
| # endif
| #endif
| #if HAVE_STRING_H
| # if !STDC_HEADERS && HAVE_MEMORY_H
| #  include <memory.h>
| # endif
| # include <string.h>
| #endif
| #if HAVE_STRINGS_H
| # include <strings.h>
| #endif
| #if HAVE_INTTYPES_H
| # include <inttypes.h>
| #else
| # if HAVE_STDINT_H
| #  include <stdint.h>
| # endif
| #endif
| #if HAVE_UNISTD_H
| # include <unistd.h>
| #endif
| #if HAVE_SYS_PARAM_H
| # include <sys/param.h>
| #endif
| 
| #include <netconfig.h>
configure:3803: result: no
configure:3803: checking for netdir.h
configure:3803: gcc -c -g -O2 -D_REENTRANT  conftest.c >&5
conftest.c:76:20: fatal error: netdir.h: No such file or directory
compilation terminated.
configure:3803: $? = 1
configure: failed program was:
| /* confdefs.h */
| #define PACKAGE_NAME ""
| #define PACKAGE_TARNAME ""
| #define PACKAGE_VERSION ""
| #define PACKAGE_STRING ""
| #define PACKAGE_BUGREPORT ""
| #define PACKAGE_URL ""
| #define CPU_VENDOR_OS "i686-pc-linux-gnu"
| #define HAVE_LIBPTHREAD 1
| #define STDC_HEADERS 1
| #define HAVE_SYS_TYPES_H 1
| #define HAVE_SYS_SOCKET_H 1
| #define HAVE_SYS_TIME_H 1
| #define HAVE_TIME_H 1
| #define HAVE_NETINET_IN_H 1
| #define HAVE_ARPA_INET_H 1
| #define HAVE_ERRNO_H 1
| #define HAVE_FCNTL_H 1
| #define HAVE_NETDB_H 1
| #define HAVE_SIGNAL_H 1
| #define HAVE_STDIO_H 1
| #define HAVE_STDLIB_H 1
| #define HAVE_STRING_H 1
| #define HAVE_SYS_STAT_H 1
| #define HAVE_SYS_UIO_H 1
| #define HAVE_UNISTD_H 1
| #define HAVE_SYS_WAIT_H 1
| #define HAVE_SYS_UN_H 1
| #define HAVE_SYS_PARAM_H 1
| #define HAVE_SYS_SELECT_H 1
| #define HAVE_SYS_SYSCTL_H 1
| #define HAVE_POLL_H 1
| #define HAVE_STRINGS_H 1
| #define HAVE_SYS_IOCTL_H 1
| #define HAVE_PTHREAD_H 1
| /* end confdefs.h.  */
| 
| #include <stdio.h>
| #if HAVE_SYS_TYPES_H
| # include <sys/types.h>
| #endif
| #if HAVE_SYS_STAT_H
| # include <sys/stat.h>
| #endif
| #if STDC_HEADERS
| # include <stdlib.h>
| # include <stddef.h>
| #else
| # if HAVE_STDLIB_H
| #  include <stdlib.h>
| # endif
| #endif
| #if HAVE_STRING_H
| # if !STDC_HEADERS && HAVE_MEMORY_H
| #  include <memory.h>
| # endif
| # include <string.h>
| #endif
| #if HAVE_STRINGS_H
| # include <strings.h>
| #endif
| #if HAVE_INTTYPES_H
| # include <inttypes.h>
| #else
| # if HAVE_STDINT_H
| #  include <stdint.h>
| # endif
| #endif
| #if HAVE_UNISTD_H
| # include <unistd.h>
| #endif
| #if HAVE_SYS_PARAM_H
| # include <sys/param.h>
| #endif
| 
| #include <netdir.h>
configure:3803: result: no
configure:3803: checking for stropts.h
configure:3803: gcc -c -g -O2 -D_REENTRANT  conftest.c >&5
configure:3803: $? = 0
configure:3803: result: yes
configure:3852: checking whether time.h and sys/time.h may both be included
configure:3872: gcc -c -g -O2 -D_REENTRANT  conftest.c >&5
configure:3872: $? = 0
configure:3879: result: yes
configure:3887: checking if uint8_t defined
configure:3973: gcc -c -g -O2 -D_REENTRANT  conftest.c >&5
configure:3973: $? = 0
configure:3981: result: yes
configure:3989: checking if int16_t defined
configure:4075: gcc -c -g -O2 -D_REENTRANT  conftest.c >&5
configure:4075: $? = 0
configure:4083: result: yes
configure:4091: checking if uint16_t defined
configure:4177: gcc -c -g -O2 -D_REENTRANT  conftest.c >&5
configure:4177: $? = 0
configure:4185: result: yes
configure:4193: checking if int32_t defined
configure:4279: gcc -c -g -O2 -D_REENTRANT  conftest.c >&5
configure:4279: $? = 0
configure:4287: result: yes
configure:4295: checking if uint32_t defined
configure:4381: gcc -c -g -O2 -D_REENTRANT  conftest.c >&5
configure:4381: $? = 0
configure:4389: result: yes
configure:4397: checking if size_t defined
configure:4483: gcc -c -g -O2 -D_REENTRANT  conftest.c >&5
configure:4483: $? = 0
configure:4491: result: yes
configure:4499: checking if ssize_t defined
configure:4585: gcc -c -g -O2 -D_REENTRANT  conftest.c >&5
configure:4585: $? = 0
configure:4593: result: yes
configure:4601: checking if socklen_t defined
configure:4687: gcc -c -g -O2 -D_REENTRANT  conftest.c >&5
configure:4687: $? = 0
configure:4695: result: yes
configure:4703: checking if sa_family_t defined
configure:4789: gcc -c -g -O2 -D_REENTRANT  conftest.c >&5
configure:4789: $? = 0
configure:4797: result: yes
configure:4806: checking if t_scalar_t defined
configure:4907: gcc -c -g -O2 -D_REENTRANT  conftest.c >&5
conftest.c: In function 'main':
conftest.c:128:2: error: unknown type name 't_scalar_t'
configure:4907: $? = 1
configure: failed program was:
| /* confdefs.h */
| #define PACKAGE_NAME ""
| #define PACKAGE_TARNAME ""
| #define PACKAGE_VERSION ""
| #define PACKAGE_STRING ""
| #define PACKAGE_BUGREPORT ""
| #define PACKAGE_URL ""
| #define CPU_VENDOR_OS "i686-pc-linux-gnu"
| #define HAVE_LIBPTHREAD 1
| #define STDC_HEADERS 1
| #define HAVE_SYS_TYPES_H 1
| #define HAVE_SYS_SOCKET_H 1
| #define HAVE_SYS_TIME_H 1
| #define HAVE_TIME_H 1
| #define HAVE_NETINET_IN_H 1
| #define HAVE_ARPA_INET_H 1
| #define HAVE_ERRNO_H 1
| #define HAVE_FCNTL_H 1
| #define HAVE_NETDB_H 1
| #define HAVE_SIGNAL_H 1
| #define HAVE_STDIO_H 1
| #define HAVE_STDLIB_H 1
| #define HAVE_STRING_H 1
| #define HAVE_SYS_STAT_H 1
| #define HAVE_SYS_UIO_H 1
| #define HAVE_UNISTD_H 1
| #define HAVE_SYS_WAIT_H 1
| #define HAVE_SYS_UN_H 1
| #define HAVE_SYS_PARAM_H 1
| #define HAVE_SYS_SELECT_H 1
| #define HAVE_SYS_SYSCTL_H 1
| #define HAVE_POLL_H 1
| #define HAVE_STRINGS_H 1
| #define HAVE_SYS_IOCTL_H 1
| #define HAVE_PTHREAD_H 1
| #define HAVE_STROPTS_H 1
| #define TIME_WITH_SYS_TIME 1
| /* end confdefs.h.  */
| 
| #include	"confdefs.h"	/* the header built by configure so far */
| #ifdef	HAVE_SYS_TYPES_H
| #  include	<sys/types.h>
| #endif
| #ifdef	HAVE_SYS_SOCKET_H
| #  include	<sys/socket.h>
| #endif
| #ifdef	HAVE_SYS_TIME_H
| #  include    <sys/time.h>
| #endif
| #ifdef	HAVE_NETINET_IN_H
| #  include    <netinet/in.h>
| #endif
| #ifdef	HAVE_ARPA_INET_H
| #  include    <arpa/inet.h>
| #endif
| #ifdef	HAVE_ERRNO_H
| #  include    <errno.h>
| #endif
| #ifdef	HAVE_FCNTL_H
| #  include    <fcntl.h>
| #endif
| #ifdef	HAVE_NETDB_H
| #  include	<netdb.h>
| #endif
| #ifdef	HAVE_SIGNAL_H
| #  include	<signal.h>
| #endif
| #ifdef	HAVE_STDIO_H
| #  include	<stdio.h>
| #endif
| #ifdef	HAVE_STDLIB_H
| #  include	<stdlib.h>
| #endif
| #ifdef	HAVE_STRING_H
| #  include	<string.h>
| #endif
| #ifdef	HAVE_SYS_STAT_H
| #  include	<sys/stat.h>
| #endif
| #ifdef	HAVE_SYS_UIO_H
| #  include	<sys/uio.h>
| #endif
| #ifdef	HAVE_UNISTD_H
| #  include	<unistd.h>
| #endif
| #ifdef	HAVE_SYS_WAIT_H
| #  include	<sys/wait.h>
| #endif
| #ifdef	HAVE_SYS_UN_H
| #  include	<sys/un.h>
| #endif
| #ifdef	HAVE_SYS_SELECT_H
| # include   <sys/select.h>
| #endif
| #ifdef	HAVE_STRINGS_H
| # include   <strings.h>
| #endif
| #ifdef	HAVE_SYS_IOCTL_H
| # include   <sys/ioctl.h>
| #endif
| #ifdef	HAVE_SYS_FILIO_H
| # include   <sys/filio.h>
| #endif
| #ifdef	HAVE_SYS_SOCKIO_H
| # include   <sys/sockio.h>
| #endif
| #ifdef	HAVE_PTHREAD_H
| #  include	<pthread.h>
| #endif
| #ifdef	HAVE_POLL_H
| #  include	<poll.h>
| #endif
| #ifdef	HAVE_XTI_H
| #  include	<xti.h>
| #endif
| #ifdef	HAVE_NETCONFIG_H
| #  include	<netconfig.h>
| #endif
| #ifdef	HAVE_NETDIR_H
| #  include	<netdir.h>
| #endif
| #ifdef	HAVE_STROPTS_H
| #  include	<stropts.h>
| #endif
| int
| main ()
| {
|  t_scalar_t foo
|   ;
|   return 0;
| }
configure:4915: result: no
configure:4923: checking if t_uscalar_t defined
configure:5024: gcc -c -g -O2 -D_REENTRANT  conftest.c >&5
configure:5024: $? = 0
configure:5032: result: yes
configure:5041: checking for struct sockaddr.sa_len
configure:5041: gcc -c -g -O2 -D_REENTRANT  conftest.c >&5
conftest.c: In function 'main':
conftest.c:48:12: error: 'struct sockaddr' has no member named 'sa_len'
configure:5041: $? = 1
configure: failed program was:
| /* confdefs.h */
| #define PACKAGE_NAME ""
| #define PACKAGE_TARNAME ""
| #define PACKAGE_VERSION ""
| #define PACKAGE_STRING ""
| #define PACKAGE_BUGREPORT ""
| #define PACKAGE_URL ""
| #define CPU_VENDOR_OS "i686-pc-linux-gnu"
| #define HAVE_LIBPTHREAD 1
| #define STDC_HEADERS 1
| #define HAVE_SYS_TYPES_H 1
| #define HAVE_SYS_SOCKET_H 1
| #define HAVE_SYS_TIME_H 1
| #define HAVE_TIME_H 1
| #define HAVE_NETINET_IN_H 1
| #define HAVE_ARPA_INET_H 1
| #define HAVE_ERRNO_H 1
| #define HAVE_FCNTL_H 1
| #define HAVE_NETDB_H 1
| #define HAVE_SIGNAL_H 1
| #define HAVE_STDIO_H 1
| #define HAVE_STDLIB_H 1
| #define HAVE_STRING_H 1
| #define HAVE_SYS_STAT_H 1
| #define HAVE_SYS_UIO_H 1
| #define HAVE_UNISTD_H 1
| #define HAVE_SYS_WAIT_H 1
| #define HAVE_SYS_UN_H 1
| #define HAVE_SYS_PARAM_H 1
| #define HAVE_SYS_SELECT_H 1
| #define HAVE_SYS_SYSCTL_H 1
| #define HAVE_POLL_H 1
| #define HAVE_STRINGS_H 1
| #define HAVE_SYS_IOCTL_H 1
| #define HAVE_PTHREAD_H 1
| #define HAVE_STROPTS_H 1
| #define TIME_WITH_SYS_TIME 1
| #define t_scalar_t int32_t
| /* end confdefs.h.  */
| 
| #include <sys/types.h>
| #include <sys/socket.h>
| 
| int
| main ()
| {
| static struct sockaddr ac_aggr;
| if (ac_aggr.sa_len)
| return 0;
|   ;
|   return 0;
| }
configure:5041: gcc -c -g -O2 -D_REENTRANT  conftest.c >&5
conftest.c: In function 'main':
conftest.c:48:19: error: 'struct sockaddr' has no member named 'sa_len'
configure:5041: $? = 1
configure: failed program was:
| /* confdefs.h */
| #define PACKAGE_NAME ""
| #define PACKAGE_TARNAME ""
| #define PACKAGE_VERSION ""
| #define PACKAGE_STRING ""
| #define PACKAGE_BUGREPORT ""
| #define PACKAGE_URL ""
| #define CPU_VENDOR_OS "i686-pc-linux-gnu"
| #define HAVE_LIBPTHREAD 1
| #define STDC_HEADERS 1
| #define HAVE_SYS_TYPES_H 1
| #define HAVE_SYS_SOCKET_H 1
| #define HAVE_SYS_TIME_H 1
| #define HAVE_TIME_H 1
| #define HAVE_NETINET_IN_H 1
| #define HAVE_ARPA_INET_H 1
| #define HAVE_ERRNO_H 1
| #define HAVE_FCNTL_H 1
| #define HAVE_NETDB_H 1
| #define HAVE_SIGNAL_H 1
| #define HAVE_STDIO_H 1
| #define HAVE_STDLIB_H 1
| #define HAVE_STRING_H 1
| #define HAVE_SYS_STAT_H 1
| #define HAVE_SYS_UIO_H 1
| #define HAVE_UNISTD_H 1
| #define HAVE_SYS_WAIT_H 1
| #define HAVE_SYS_UN_H 1
| #define HAVE_SYS_PARAM_H 1
| #define HAVE_SYS_SELECT_H 1
| #define HAVE_SYS_SYSCTL_H 1
| #define HAVE_POLL_H 1
| #define HAVE_STRINGS_H 1
| #define HAVE_SYS_IOCTL_H 1
| #define HAVE_PTHREAD_H 1
| #define HAVE_STROPTS_H 1
| #define TIME_WITH_SYS_TIME 1
| #define t_scalar_t int32_t
| /* end confdefs.h.  */
| 
| #include <sys/types.h>
| #include <sys/socket.h>
| 
| int
| main ()
| {
| static struct sockaddr ac_aggr;
| if (sizeof ac_aggr.sa_len)
| return 0;
|   ;
|   return 0;
| }
configure:5041: result: no
configure:5063: checking for struct sockaddr_storage
configure:5063: gcc -c -g -O2 -D_REENTRANT  conftest.c >&5
configure:5063: $? = 0
configure:5063: gcc -c -g -O2 -D_REENTRANT  conftest.c >&5
conftest.c: In function 'main':
conftest.c:47:38: error: expected expression before ')' token
configure:5063: $? = 1
configure: failed program was:
| /* confdefs.h */
| #define PACKAGE_NAME ""
| #define PACKAGE_TARNAME ""
| #define PACKAGE_VERSION ""
| #define PACKAGE_STRING ""
| #define PACKAGE_BUGREPORT ""
| #define PACKAGE_URL ""
| #define CPU_VENDOR_OS "i686-pc-linux-gnu"
| #define HAVE_LIBPTHREAD 1
| #define STDC_HEADERS 1
| #define HAVE_SYS_TYPES_H 1
| #define HAVE_SYS_SOCKET_H 1
| #define HAVE_SYS_TIME_H 1
| #define HAVE_TIME_H 1
| #define HAVE_NETINET_IN_H 1
| #define HAVE_ARPA_INET_H 1
| #define HAVE_ERRNO_H 1
| #define HAVE_FCNTL_H 1
| #define HAVE_NETDB_H 1
| #define HAVE_SIGNAL_H 1
| #define HAVE_STDIO_H 1
| #define HAVE_STDLIB_H 1
| #define HAVE_STRING_H 1
| #define HAVE_SYS_STAT_H 1
| #define HAVE_SYS_UIO_H 1
| #define HAVE_UNISTD_H 1
| #define HAVE_SYS_WAIT_H 1
| #define HAVE_SYS_UN_H 1
| #define HAVE_SYS_PARAM_H 1
| #define HAVE_SYS_SELECT_H 1
| #define HAVE_SYS_SYSCTL_H 1
| #define HAVE_POLL_H 1
| #define HAVE_STRINGS_H 1
| #define HAVE_SYS_IOCTL_H 1
| #define HAVE_PTHREAD_H 1
| #define HAVE_STROPTS_H 1
| #define TIME_WITH_SYS_TIME 1
| #define t_scalar_t int32_t
| /* end confdefs.h.  */
| 
| #include <sys/types.h>
| #include <sys/socket.h>
| 
| int
| main ()
| {
| if (sizeof ((struct sockaddr_storage)))
| 	    return 0;
|   ;
|   return 0;
| }
configure:5063: result: yes
configure:5073: checking for struct sockaddr_storage.ss_family
configure:5073: gcc -c -g -O2 -D_REENTRANT  conftest.c >&5
configure:5073: $? = 0
configure:5073: result: yes
configure:5097: checking for struct msghdr.msg_control
configure:5097: gcc -c -g -O2 -D_REENTRANT  conftest.c >&5
configure:5097: $? = 0
configure:5097: result: yes
configure:5108: checking for struct ifreq.ifr_mtu
configure:5108: gcc -c -g -O2 -D_REENTRANT  conftest.c >&5
configure:5108: $? = 0
configure:5108: result: yes
configure:5122: checking for getaddrinfo function prototype in netdb.h
configure:5141: result: yes
configure:5151: checking for getnameinfo function prototype in netdb.h
configure:5170: result: yes
configure:5180: checking for gethostname function prototype in unistd.h
configure:5199: result: yes
configure:5209: checking for getrusage function prototype in sys/resource.h
configure:5228: result: yes
configure:5238: checking for hstrerror function prototype in netdb.h
configure:5257: result: yes
configure:5267: checking for if_nametoindex function prototype in net/if.h
configure:5286: result: yes
configure:5296: checking for inet_aton function prototype in arpa/inet.h
configure:5315: result: yes
configure:5325: checking for inet_pton function prototype in arpa/inet.h
configure:5344: result: yes
configure:5354: checking for pselect function prototype in sys/select.h
configure:5373: result: yes
configure:5383: checking for snprintf function prototype in stdio.h
configure:5402: result: yes
configure:5412: checking for sockatmark function prototype in sys/socket.h
configure:5431: result: yes
configure:5453: checking for struct addrinfo
configure:5453: gcc -c -g -O2 -D_REENTRANT  conftest.c >&5
configure:5453: $? = 0
configure:5453: gcc -c -g -O2 -D_REENTRANT  conftest.c >&5
conftest.c: In function 'main':
conftest.c:60:30: error: expected expression before ')' token
configure:5453: $? = 1
configure: failed program was:
| /* confdefs.h */
| #define PACKAGE_NAME ""
| #define PACKAGE_TARNAME ""
| #define PACKAGE_VERSION ""
| #define PACKAGE_STRING ""
| #define PACKAGE_BUGREPORT ""
| #define PACKAGE_URL ""
| #define CPU_VENDOR_OS "i686-pc-linux-gnu"
| #define HAVE_LIBPTHREAD 1
| #define STDC_HEADERS 1
| #define HAVE_SYS_TYPES_H 1
| #define HAVE_SYS_SOCKET_H 1
| #define HAVE_SYS_TIME_H 1
| #define HAVE_TIME_H 1
| #define HAVE_NETINET_IN_H 1
| #define HAVE_ARPA_INET_H 1
| #define HAVE_ERRNO_H 1
| #define HAVE_FCNTL_H 1
| #define HAVE_NETDB_H 1
| #define HAVE_SIGNAL_H 1
| #define HAVE_STDIO_H 1
| #define HAVE_STDLIB_H 1
| #define HAVE_STRING_H 1
| #define HAVE_SYS_STAT_H 1
| #define HAVE_SYS_UIO_H 1
| #define HAVE_UNISTD_H 1
| #define HAVE_SYS_WAIT_H 1
| #define HAVE_SYS_UN_H 1
| #define HAVE_SYS_PARAM_H 1
| #define HAVE_SYS_SELECT_H 1
| #define HAVE_SYS_SYSCTL_H 1
| #define HAVE_POLL_H 1
| #define HAVE_STRINGS_H 1
| #define HAVE_SYS_IOCTL_H 1
| #define HAVE_PTHREAD_H 1
| #define HAVE_STROPTS_H 1
| #define TIME_WITH_SYS_TIME 1
| #define t_scalar_t int32_t
| #define HAVE_STRUCT_SOCKADDR_STORAGE 1
| #define HAVE_MSGHDR_MSG_CONTROL 1
| #define HAVE_STRUCT_IFREQ_IFR_MTU 1
| #define HAVE_GETADDRINFO_PROTO 1
| #define HAVE_GETNAMEINFO_PROTO 1
| #define HAVE_GETHOSTNAME_PROTO 1
| #define HAVE_GETRUSAGE_PROTO 1
| #define HAVE_HSTRERROR_PROTO 1
| #define HAVE_IF_NAMETOINDEX_PROTO 1
| #define HAVE_INET_ATON_PROTO 1
| #define HAVE_INET_PTON_PROTO 1
| #define HAVE_PSELECT_PROTO 1
| #define HAVE_SNPRINTF_PROTO 1
| #define HAVE_SOCKATMARK_PROTO 1
| /* end confdefs.h.  */
| 
| #include <netdb.h>
| 
| int
| main ()
| {
| if (sizeof ((struct addrinfo)))
| 	    return 0;
|   ;
|   return 0;
| }
configure:5453: result: yes
configure:5463: checking for struct if_nameindex
configure:5463: gcc -c -g -O2 -D_REENTRANT  conftest.c >&5
configure:5463: $? = 0
configure:5463: gcc -c -g -O2 -D_REENTRANT  conftest.c >&5
conftest.c: In function 'main':
conftest.c:63:34: error: expected expression before ')' token
configure:5463: $? = 1
configure: failed program was:
| /* confdefs.h */
| #define PACKAGE_NAME ""
| #define PACKAGE_TARNAME ""
| #define PACKAGE_VERSION ""
| #define PACKAGE_STRING ""
| #define PACKAGE_BUGREPORT ""
| #define PACKAGE_URL ""
| #define CPU_VENDOR_OS "i686-pc-linux-gnu"
| #define HAVE_LIBPTHREAD 1
| #define STDC_HEADERS 1
| #define HAVE_SYS_TYPES_H 1
| #define HAVE_SYS_SOCKET_H 1
| #define HAVE_SYS_TIME_H 1
| #define HAVE_TIME_H 1
| #define HAVE_NETINET_IN_H 1
| #define HAVE_ARPA_INET_H 1
| #define HAVE_ERRNO_H 1
| #define HAVE_FCNTL_H 1
| #define HAVE_NETDB_H 1
| #define HAVE_SIGNAL_H 1
| #define HAVE_STDIO_H 1
| #define HAVE_STDLIB_H 1
| #define HAVE_STRING_H 1
| #define HAVE_SYS_STAT_H 1
| #define HAVE_SYS_UIO_H 1
| #define HAVE_UNISTD_H 1
| #define HAVE_SYS_WAIT_H 1
| #define HAVE_SYS_UN_H 1
| #define HAVE_SYS_PARAM_H 1
| #define HAVE_SYS_SELECT_H 1
| #define HAVE_SYS_SYSCTL_H 1
| #define HAVE_POLL_H 1
| #define HAVE_STRINGS_H 1
| #define HAVE_SYS_IOCTL_H 1
| #define HAVE_PTHREAD_H 1
| #define HAVE_STROPTS_H 1
| #define TIME_WITH_SYS_TIME 1
| #define t_scalar_t int32_t
| #define HAVE_STRUCT_SOCKADDR_STORAGE 1
| #define HAVE_MSGHDR_MSG_CONTROL 1
| #define HAVE_STRUCT_IFREQ_IFR_MTU 1
| #define HAVE_GETADDRINFO_PROTO 1
| #define HAVE_GETNAMEINFO_PROTO 1
| #define HAVE_GETHOSTNAME_PROTO 1
| #define HAVE_GETRUSAGE_PROTO 1
| #define HAVE_HSTRERROR_PROTO 1
| #define HAVE_IF_NAMETOINDEX_PROTO 1
| #define HAVE_INET_ATON_PROTO 1
| #define HAVE_INET_PTON_PROTO 1
| #define HAVE_PSELECT_PROTO 1
| #define HAVE_SNPRINTF_PROTO 1
| #define HAVE_SOCKATMARK_PROTO 1
| #define HAVE_ADDRINFO_STRUCT 1
| /* end confdefs.h.  */
| 
| #include <sys/types.h>
| #include <sys/socket.h>
| #include <net/if.h>
| 
| int
| main ()
| {
| if (sizeof ((struct if_nameindex)))
| 	    return 0;
|   ;
|   return 0;
| }
configure:5463: result: yes
configure:5475: checking for struct sockaddr_dl
configure:5475: gcc -c -g -O2 -D_REENTRANT  conftest.c >&5
conftest.c:59:23: fatal error: net/if_dl.h: No such file or directory
compilation terminated.
configure:5475: $? = 1
configure: failed program was:
| /* confdefs.h */
| #define PACKAGE_NAME ""
| #define PACKAGE_TARNAME ""
| #define PACKAGE_VERSION ""
| #define PACKAGE_STRING ""
| #define PACKAGE_BUGREPORT ""
| #define PACKAGE_URL ""
| #define CPU_VENDOR_OS "i686-pc-linux-gnu"
| #define HAVE_LIBPTHREAD 1
| #define STDC_HEADERS 1
| #define HAVE_SYS_TYPES_H 1
| #define HAVE_SYS_SOCKET_H 1
| #define HAVE_SYS_TIME_H 1
| #define HAVE_TIME_H 1
| #define HAVE_NETINET_IN_H 1
| #define HAVE_ARPA_INET_H 1
| #define HAVE_ERRNO_H 1
| #define HAVE_FCNTL_H 1
| #define HAVE_NETDB_H 1
| #define HAVE_SIGNAL_H 1
| #define HAVE_STDIO_H 1
| #define HAVE_STDLIB_H 1
| #define HAVE_STRING_H 1
| #define HAVE_SYS_STAT_H 1
| #define HAVE_SYS_UIO_H 1
| #define HAVE_UNISTD_H 1
| #define HAVE_SYS_WAIT_H 1
| #define HAVE_SYS_UN_H 1
| #define HAVE_SYS_PARAM_H 1
| #define HAVE_SYS_SELECT_H 1
| #define HAVE_SYS_SYSCTL_H 1
| #define HAVE_POLL_H 1
| #define HAVE_STRINGS_H 1
| #define HAVE_SYS_IOCTL_H 1
| #define HAVE_PTHREAD_H 1
| #define HAVE_STROPTS_H 1
| #define TIME_WITH_SYS_TIME 1
| #define t_scalar_t int32_t
| #define HAVE_STRUCT_SOCKADDR_STORAGE 1
| #define HAVE_MSGHDR_MSG_CONTROL 1
| #define HAVE_STRUCT_IFREQ_IFR_MTU 1
| #define HAVE_GETADDRINFO_PROTO 1
| #define HAVE_GETNAMEINFO_PROTO 1
| #define HAVE_GETHOSTNAME_PROTO 1
| #define HAVE_GETRUSAGE_PROTO 1
| #define HAVE_HSTRERROR_PROTO 1
| #define HAVE_IF_NAMETOINDEX_PROTO 1
| #define HAVE_INET_ATON_PROTO 1
| #define HAVE_INET_PTON_PROTO 1
| #define HAVE_PSELECT_PROTO 1
| #define HAVE_SNPRINTF_PROTO 1
| #define HAVE_SOCKATMARK_PROTO 1
| #define HAVE_ADDRINFO_STRUCT 1
| #define HAVE_IF_NAMEINDEX_STRUCT 1
| /* end confdefs.h.  */
| 
| #include <sys/types.h>
| #include <sys/socket.h>
| #include <net/if_dl.h>
| 
| int
| main ()
| {
| if (sizeof (struct sockaddr_dl))
| 	 return 0;
|   ;
|   return 0;
| }
configure:5475: result: no
configure:5487: checking for struct timespec
configure:5487: gcc -c -g -O2 -D_REENTRANT  conftest.c >&5
configure:5487: $? = 0
configure:5487: gcc -c -g -O2 -D_REENTRANT  conftest.c >&5
conftest.c: In function 'main':
conftest.c:72:30: error: expected expression before ')' token
configure:5487: $? = 1
configure: failed program was:
| /* confdefs.h */
| #define PACKAGE_NAME ""
| #define PACKAGE_TARNAME ""
| #define PACKAGE_VERSION ""
| #define PACKAGE_STRING ""
| #define PACKAGE_BUGREPORT ""
| #define PACKAGE_URL ""
| #define CPU_VENDOR_OS "i686-pc-linux-gnu"
| #define HAVE_LIBPTHREAD 1
| #define STDC_HEADERS 1
| #define HAVE_SYS_TYPES_H 1
| #define HAVE_SYS_SOCKET_H 1
| #define HAVE_SYS_TIME_H 1
| #define HAVE_TIME_H 1
| #define HAVE_NETINET_IN_H 1
| #define HAVE_ARPA_INET_H 1
| #define HAVE_ERRNO_H 1
| #define HAVE_FCNTL_H 1
| #define HAVE_NETDB_H 1
| #define HAVE_SIGNAL_H 1
| #define HAVE_STDIO_H 1
| #define HAVE_STDLIB_H 1
| #define HAVE_STRING_H 1
| #define HAVE_SYS_STAT_H 1
| #define HAVE_SYS_UIO_H 1
| #define HAVE_UNISTD_H 1
| #define HAVE_SYS_WAIT_H 1
| #define HAVE_SYS_UN_H 1
| #define HAVE_SYS_PARAM_H 1
| #define HAVE_SYS_SELECT_H 1
| #define HAVE_SYS_SYSCTL_H 1
| #define HAVE_POLL_H 1
| #define HAVE_STRINGS_H 1
| #define HAVE_SYS_IOCTL_H 1
| #define HAVE_PTHREAD_H 1
| #define HAVE_STROPTS_H 1
| #define TIME_WITH_SYS_TIME 1
| #define t_scalar_t int32_t
| #define HAVE_STRUCT_SOCKADDR_STORAGE 1
| #define HAVE_MSGHDR_MSG_CONTROL 1
| #define HAVE_STRUCT_IFREQ_IFR_MTU 1
| #define HAVE_GETADDRINFO_PROTO 1
| #define HAVE_GETNAMEINFO_PROTO 1
| #define HAVE_GETHOSTNAME_PROTO 1
| #define HAVE_GETRUSAGE_PROTO 1
| #define HAVE_HSTRERROR_PROTO 1
| #define HAVE_IF_NAMETOINDEX_PROTO 1
| #define HAVE_INET_ATON_PROTO 1
| #define HAVE_INET_PTON_PROTO 1
| #define HAVE_PSELECT_PROTO 1
| #define HAVE_SNPRINTF_PROTO 1
| #define HAVE_SOCKATMARK_PROTO 1
| #define HAVE_ADDRINFO_STRUCT 1
| #define HAVE_IF_NAMEINDEX_STRUCT 1
| /* end confdefs.h.  */
| 
| #if TIME_WITH_SYS_TIME
| #include <sys/time.h>
| #include <time.h>
| #else
| #if HAVE_SYS_TIME_H
| #include <sys/time.h>
| #else
| #include <time.h>
| #endif
| #endif
| 
| 
| int
| main ()
| {
| if (sizeof ((struct timespec)))
| 	    return 0;
|   ;
|   return 0;
| }
configure:5487: result: yes
configure:5507: checking for /dev/tcp
configure:5516: result: no
configure:5519: checking for /dev/xti/tcp
configure:5528: result: no
configure:5531: checking for /dev/streams/xtiso/tcp
configure:5540: result: no
configure:5548: checking for bzero
configure:5548: gcc -o conftest -g -O2 -D_REENTRANT   conftest.c -lpthread  >&5
conftest.c:80:6: warning: conflicting types for built-in function 'bzero' [enabled by default]
configure:5548: $? = 0
configure:5548: result: yes
configure:5559: checking for getaddrinfo
configure:5559: gcc -o conftest -g -O2 -D_REENTRANT   conftest.c -lpthread  >&5
configure:5559: $? = 0
configure:5559: result: yes
configure:5570: checking for gethostname
configure:5570: gcc -o conftest -g -O2 -D_REENTRANT   conftest.c -lpthread  >&5
configure:5570: $? = 0
configure:5570: result: yes
configure:5581: checking for gethostbyname2
configure:5581: gcc -o conftest -g -O2 -D_REENTRANT   conftest.c -lpthread  >&5
configure:5581: $? = 0
configure:5581: result: yes
configure:5592: checking for gethostbyname_r
configure:5592: gcc -o conftest -g -O2 -D_REENTRANT   conftest.c -lpthread  >&5
configure:5592: $? = 0
configure:5592: result: yes
configure:5603: checking for getnameinfo
configure:5603: gcc -o conftest -g -O2 -D_REENTRANT   conftest.c -lpthread  >&5
configure:5603: $? = 0
configure:5603: result: yes
configure:5614: checking for hstrerror
configure:5614: gcc -o conftest -g -O2 -D_REENTRANT   conftest.c -lpthread  >&5
configure:5614: $? = 0
configure:5614: result: yes
configure:5625: checking for if_nametoindex
configure:5625: gcc -o conftest -g -O2 -D_REENTRANT   conftest.c -lpthread  >&5
configure:5625: $? = 0
configure:5625: result: yes
configure:5636: checking for inet_aton
configure:5636: gcc -o conftest -g -O2 -D_REENTRANT   conftest.c -lpthread  >&5
configure:5636: $? = 0
configure:5636: result: yes
configure:5647: checking for inet_pton
configure:5647: gcc -o conftest -g -O2 -D_REENTRANT   conftest.c -lpthread  >&5
configure:5647: $? = 0
configure:5647: result: yes
configure:5658: checking for inet6_rth_init
configure:5658: gcc -o conftest -g -O2 -D_REENTRANT   conftest.c -lpthread  >&5
configure:5658: $? = 0
configure:5658: result: yes
configure:5670: checking for kqueue
configure:5670: gcc -o conftest -g -O2 -D_REENTRANT   conftest.c -lpthread  >&5
/tmp/ccTZS8Hd.o: In function `main':
/goku_studio/unpv1/conftest.c:102: undefined reference to `kqueue'
collect2: ld returned 1 exit status
configure:5670: $? = 1
configure: failed program was:
| /* confdefs.h */
| #define PACKAGE_NAME ""
| #define PACKAGE_TARNAME ""
| #define PACKAGE_VERSION ""
| #define PACKAGE_STRING ""
| #define PACKAGE_BUGREPORT ""
| #define PACKAGE_URL ""
| #define CPU_VENDOR_OS "i686-pc-linux-gnu"
| #define HAVE_LIBPTHREAD 1
| #define STDC_HEADERS 1
| #define HAVE_SYS_TYPES_H 1
| #define HAVE_SYS_SOCKET_H 1
| #define HAVE_SYS_TIME_H 1
| #define HAVE_TIME_H 1
| #define HAVE_NETINET_IN_H 1
| #define HAVE_ARPA_INET_H 1
| #define HAVE_ERRNO_H 1
| #define HAVE_FCNTL_H 1
| #define HAVE_NETDB_H 1
| #define HAVE_SIGNAL_H 1
| #define HAVE_STDIO_H 1
| #define HAVE_STDLIB_H 1
| #define HAVE_STRING_H 1
| #define HAVE_SYS_STAT_H 1
| #define HAVE_SYS_UIO_H 1
| #define HAVE_UNISTD_H 1
| #define HAVE_SYS_WAIT_H 1
| #define HAVE_SYS_UN_H 1
| #define HAVE_SYS_PARAM_H 1
| #define HAVE_SYS_SELECT_H 1
| #define HAVE_SYS_SYSCTL_H 1
| #define HAVE_POLL_H 1
| #define HAVE_STRINGS_H 1
| #define HAVE_SYS_IOCTL_H 1
| #define HAVE_PTHREAD_H 1
| #define HAVE_STROPTS_H 1
| #define TIME_WITH_SYS_TIME 1
| #define t_scalar_t int32_t
| #define HAVE_STRUCT_SOCKADDR_STORAGE 1
| #define HAVE_MSGHDR_MSG_CONTROL 1
| #define HAVE_STRUCT_IFREQ_IFR_MTU 1
| #define HAVE_GETADDRINFO_PROTO 1
| #define HAVE_GETNAMEINFO_PROTO 1
| #define HAVE_GETHOSTNAME_PROTO 1
| #define HAVE_GETRUSAGE_PROTO 1
| #define HAVE_HSTRERROR_PROTO 1
| #define HAVE_IF_NAMETOINDEX_PROTO 1
| #define HAVE_INET_ATON_PROTO 1
| #define HAVE_INET_PTON_PROTO 1
| #define HAVE_PSELECT_PROTO 1
| #define HAVE_SNPRINTF_PROTO 1
| #define HAVE_SOCKATMARK_PROTO 1
| #define HAVE_ADDRINFO_STRUCT 1
| #define HAVE_IF_NAMEINDEX_STRUCT 1
| #define HAVE_TIMESPEC_STRUCT 1
| #define HAVE_BZERO 1
| #define HAVE_GETADDRINFO 1
| #define HAVE_GETHOSTNAME 1
| #define HAVE_GETHOSTBYNAME2 1
| #define HAVE_GETHOSTBYNAME_R 1
| #define HAVE_GETNAMEINFO 1
| #define HAVE_HSTRERROR 1
| #define HAVE_IF_NAMETOINDEX 1
| #define HAVE_INET_ATON 1
| #define HAVE_INET_PTON 1
| #define HAVE_INET6_RTH_INIT 1
| /* end confdefs.h.  */
| /* Define kqueue to an innocuous variant, in case <limits.h> declares kqueue.
|    For example, HP-UX 11i <limits.h> declares gettimeofday.  */
| #define kqueue innocuous_kqueue
| 
| /* System header to define __stub macros and hopefully few prototypes,
|     which can conflict with char kqueue (); below.
|     Prefer <limits.h> to <assert.h> if __STDC__ is defined, since
|     <limits.h> exists even on freestanding compilers.  */
| 
| #ifdef __STDC__
| # include <limits.h>
| #else
| # include <assert.h>
| #endif
| 
| #undef kqueue
| 
| /* Override any GCC internal prototype to avoid an error.
|    Use char because int might match the return type of a GCC
|    builtin and then its argument prototype would still apply.  */
| #ifdef __cplusplus
| extern "C"
| #endif
| char kqueue ();
| /* The GNU C library defines this for functions which it implements
|     to always fail with ENOSYS.  Some functions are actually named
|     something starting with __ and the normal name is an alias.  */
| #if defined __stub_kqueue || defined __stub___kqueue
| choke me
| #endif
| 
| int
| main ()
| {
| return kqueue ();
|   ;
|   return 0;
| }
configure:5670: result: no
configure:5670: checking for kevent
configure:5670: gcc -o conftest -g -O2 -D_REENTRANT   conftest.c -lpthread  >&5
/tmp/cct3PoKi.o: In function `main':
/goku_studio/unpv1/conftest.c:102: undefined reference to `kevent'
collect2: ld returned 1 exit status
configure:5670: $? = 1
configure: failed program was:
| /* confdefs.h */
| #define PACKAGE_NAME ""
| #define PACKAGE_TARNAME ""
| #define PACKAGE_VERSION ""
| #define PACKAGE_STRING ""
| #define PACKAGE_BUGREPORT ""
| #define PACKAGE_URL ""
| #define CPU_VENDOR_OS "i686-pc-linux-gnu"
| #define HAVE_LIBPTHREAD 1
| #define STDC_HEADERS 1
| #define HAVE_SYS_TYPES_H 1
| #define HAVE_SYS_SOCKET_H 1
| #define HAVE_SYS_TIME_H 1
| #define HAVE_TIME_H 1
| #define HAVE_NETINET_IN_H 1
| #define HAVE_ARPA_INET_H 1
| #define HAVE_ERRNO_H 1
| #define HAVE_FCNTL_H 1
| #define HAVE_NETDB_H 1
| #define HAVE_SIGNAL_H 1
| #define HAVE_STDIO_H 1
| #define HAVE_STDLIB_H 1
| #define HAVE_STRING_H 1
| #define HAVE_SYS_STAT_H 1
| #define HAVE_SYS_UIO_H 1
| #define HAVE_UNISTD_H 1
| #define HAVE_SYS_WAIT_H 1
| #define HAVE_SYS_UN_H 1
| #define HAVE_SYS_PARAM_H 1
| #define HAVE_SYS_SELECT_H 1
| #define HAVE_SYS_SYSCTL_H 1
| #define HAVE_POLL_H 1
| #define HAVE_STRINGS_H 1
| #define HAVE_SYS_IOCTL_H 1
| #define HAVE_PTHREAD_H 1
| #define HAVE_STROPTS_H 1
| #define TIME_WITH_SYS_TIME 1
| #define t_scalar_t int32_t
| #define HAVE_STRUCT_SOCKADDR_STORAGE 1
| #define HAVE_MSGHDR_MSG_CONTROL 1
| #define HAVE_STRUCT_IFREQ_IFR_MTU 1
| #define HAVE_GETADDRINFO_PROTO 1
| #define HAVE_GETNAMEINFO_PROTO 1
| #define HAVE_GETHOSTNAME_PROTO 1
| #define HAVE_GETRUSAGE_PROTO 1
| #define HAVE_HSTRERROR_PROTO 1
| #define HAVE_IF_NAMETOINDEX_PROTO 1
| #define HAVE_INET_ATON_PROTO 1
| #define HAVE_INET_PTON_PROTO 1
| #define HAVE_PSELECT_PROTO 1
| #define HAVE_SNPRINTF_PROTO 1
| #define HAVE_SOCKATMARK_PROTO 1
| #define HAVE_ADDRINFO_STRUCT 1
| #define HAVE_IF_NAMEINDEX_STRUCT 1
| #define HAVE_TIMESPEC_STRUCT 1
| #define HAVE_BZERO 1
| #define HAVE_GETADDRINFO 1
| #define HAVE_GETHOSTNAME 1
| #define HAVE_GETHOSTBYNAME2 1
| #define HAVE_GETHOSTBYNAME_R 1
| #define HAVE_GETNAMEINFO 1
| #define HAVE_HSTRERROR 1
| #define HAVE_IF_NAMETOINDEX 1
| #define HAVE_INET_ATON 1
| #define HAVE_INET_PTON 1
| #define HAVE_INET6_RTH_INIT 1
| /* end confdefs.h.  */
| /* Define kevent to an innocuous variant, in case <limits.h> declares kevent.
|    For example, HP-UX 11i <limits.h> declares gettimeofday.  */
| #define kevent innocuous_kevent
| 
| /* System header to define __stub macros and hopefully few prototypes,
|     which can conflict with char kevent (); below.
|     Prefer <limits.h> to <assert.h> if __STDC__ is defined, since
|     <limits.h> exists even on freestanding compilers.  */
| 
| #ifdef __STDC__
| # include <limits.h>
| #else
| # include <assert.h>
| #endif
| 
| #undef kevent
| 
| /* Override any GCC internal prototype to avoid an error.
|    Use char because int might match the return type of a GCC
|    builtin and then its argument prototype would still apply.  */
| #ifdef __cplusplus
| extern "C"
| #endif
| char kevent ();
| /* The GNU C library defines this for functions which it implements
|     to always fail with ENOSYS.  Some functions are actually named
|     something starting with __ and the normal name is an alias.  */
| #if defined __stub_kevent || defined __stub___kevent
| choke me
| #endif
| 
| int
| main ()
| {
| return kevent ();
|   ;
|   return 0;
| }
configure:5670: result: no
configure:5681: checking for mkstemp
configure:5681: gcc -o conftest -g -O2 -D_REENTRANT   conftest.c -lpthread  >&5
configure:5681: $? = 0
configure:5681: result: yes
configure:5692: checking for poll
configure:5692: gcc -o conftest -g -O2 -D_REENTRANT   conftest.c -lpthread  >&5
configure:5692: $? = 0
configure:5692: result: yes
configure:5703: checking for pselect
configure:5703: gcc -o conftest -g -O2 -D_REENTRANT   conftest.c -lpthread  >&5
configure:5703: $? = 0
configure:5703: result: yes
configure:5714: checking for snprintf
configure:5714: gcc -o conftest -g -O2 -D_REENTRANT   conftest.c -lpthread  >&5
conftest.c:94:6: warning: conflicting types for built-in function 'snprintf' [enabled by default]
configure:5714: $? = 0
configure:5714: result: yes
configure:5725: checking for sockatmark
configure:5725: gcc -o conftest -g -O2 -D_REENTRANT   conftest.c -lpthread  >&5
configure:5725: $? = 0
configure:5725: result: yes
configure:5736: checking for vsnprintf
configure:5736: gcc -o conftest -g -O2 -D_REENTRANT   conftest.c -lpthread  >&5
conftest.c:96:6: warning: conflicting types for built-in function 'vsnprintf' [enabled by default]
configure:5736: $? = 0
configure:5736: result: yes
configure:5747: checking for IPv4 support
configure:5772: gcc -o conftest -g -O2 -D_REENTRANT   conftest.c -lpthread  >&5
conftest.c: In function 'main':
conftest.c:86:3: warning: incompatible implicit declaration of built-in function 'exit' [enabled by default]
configure:5772: $? = 0
configure:5772: ./conftest
configure:5772: $? = 0
configure:5783: result: yes
configure:5794: checking for IPv6 support
configure:5819: gcc -o conftest -g -O2 -D_REENTRANT   conftest.c -lpthread  >&5
conftest.c: In function 'main':
conftest.c:88:3: warning: incompatible implicit declaration of built-in function 'exit' [enabled by default]
configure:5819: $? = 0
configure:5819: ./conftest
configure:5819: $? = 0
configure:5830: result: yes
configure:5841: checking for Unix domain sockets
configure:5866: gcc -o conftest -g -O2 -D_REENTRANT   conftest.c -lpthread  >&5
conftest.c: In function 'main':
conftest.c:90:3: warning: incompatible implicit declaration of built-in function 'exit' [enabled by default]
configure:5866: $? = 0
configure:5866: ./conftest
configure:5866: $? = 0
configure:5877: result: yes
configure:5888: checking for multicast support
configure:5916: gcc -o conftest -g -O2 -D_REENTRANT   conftest.c -lpthread  >&5
conftest.c: In function 'main':
conftest.c:91:15: warning: incompatible implicit declaration of built-in function 'exit' [enabled by default]
configure:5916: $? = 0
configure:5916: ./conftest
configure:5916: $? = 0
configure:5927: result: yes
configure:6076: checking for -I/root/doc/unp2ev1/src/include
configure:6083: result: no
configure:6217: creating ./config.status

## ---------------- ##
## Cache variables. ##
## ---------------- ##

ac_cv_build=i686-pc-linux-gnu
ac_cv_c_compiler_gnu=yes
ac_cv_env_CC_set=
ac_cv_env_CC_value=
ac_cv_env_CFLAGS_set=
ac_cv_env_CFLAGS_value=
ac_cv_env_CPPFLAGS_set=
ac_cv_env_CPPFLAGS_value=
ac_cv_env_CPP_set=
ac_cv_env_CPP_value=
ac_cv_env_LDFLAGS_set=
ac_cv_env_LDFLAGS_value=
ac_cv_env_LIBS_set=
ac_cv_env_LIBS_value=
ac_cv_env_build_alias_set=
ac_cv_env_build_alias_value=
ac_cv_env_host_alias_set=
ac_cv_env_host_alias_value=
ac_cv_env_target_alias_set=
ac_cv_env_target_alias_value=
ac_cv_func_bzero=yes
ac_cv_func_getaddrinfo=yes
ac_cv_func_gethostbyname2=yes
ac_cv_func_gethostbyname_r=yes
ac_cv_func_gethostname=yes
ac_cv_func_getnameinfo=yes
ac_cv_func_hstrerror=yes
ac_cv_func_if_nametoindex=yes
ac_cv_func_inet6_rth_init=yes
ac_cv_func_inet_aton=yes
ac_cv_func_inet_pton=yes
ac_cv_func_kevent=no
ac_cv_func_kqueue=no
ac_cv_func_mkstemp=yes
ac_cv_func_poll=yes
ac_cv_func_pselect=yes
ac_cv_func_snprintf=yes
ac_cv_func_sockatmark=yes
ac_cv_func_vsnprintf=yes
ac_cv_have_getaddrinfo_proto=yes
ac_cv_have_gethostname_proto=yes
ac_cv_have_getnameinfo_proto=yes
ac_cv_have_getrusage_proto=yes
ac_cv_have_hstrerror_proto=yes
ac_cv_have_if_nametoindex_proto=yes
ac_cv_have_inet_aton_proto=yes
ac_cv_have_inet_pton_proto=yes
ac_cv_have_pselect_proto=yes
ac_cv_have_snprintf_proto=yes
ac_cv_have_sockatmark_proto=yes
ac_cv_header_arpa_inet_h=yes
ac_cv_header_errno_h=yes
ac_cv_header_fcntl_h=yes
ac_cv_header_net_if_dl_h=no
ac_cv_header_netconfig_h=no
ac_cv_header_netdb_h=yes
ac_cv_header_netdir_h=no
ac_cv_header_netinet_in_h=yes
ac_cv_header_poll_h=yes
ac_cv_header_pthread_h=yes
ac_cv_header_signal_h=yes
ac_cv_header_stdc=yes
ac_cv_header_stdio_h=yes
ac_cv_header_stdlib_h=yes
ac_cv_header_string_h=yes
ac_cv_header_strings_h=yes
ac_cv_header_stropts_h=yes
ac_cv_header_sys_event_h=no
ac_cv_header_sys_filio_h=no
ac_cv_header_sys_ioctl_h=yes
ac_cv_header_sys_param_h=yes
ac_cv_header_sys_select_h=yes
ac_cv_header_sys_socket_h=yes
ac_cv_header_sys_sockio_h=no
ac_cv_header_sys_stat_h=yes
ac_cv_header_sys_sysctl_h=yes
ac_cv_header_sys_time_h=yes
ac_cv_header_sys_types_h=yes
ac_cv_header_sys_uio_h=yes
ac_cv_header_sys_un_h=yes
ac_cv_header_sys_wait_h=yes
ac_cv_header_time=yes
ac_cv_header_time_h=yes
ac_cv_header_unistd_h=yes
ac_cv_header_xti_h=no
ac_cv_header_xti_inet_h=no
ac_cv_host=i686-pc-linux-gnu
ac_cv_ipv4=yes
ac_cv_ipv6=yes
ac_cv_lib_nsl_t_open=no
ac_cv_lib_pthread_pthread_create=yes
ac_cv_lib_resolv_res_init=no
ac_cv_lib_xti_t_open=no
ac_cv_member_struct_ifreq_ifr_mtu=yes
ac_cv_member_struct_msghdr_msg_control=yes
ac_cv_member_struct_sockaddr_sa_len=no
ac_cv_member_struct_sockaddr_storage_ss_family=yes
ac_cv_multicast=yes
ac_cv_objext=o
ac_cv_path_EGREP='/bin/grep -E'
ac_cv_path_GREP=/bin/grep
ac_cv_prog_CPP='gcc -E'
ac_cv_prog_ac_ct_CC=gcc
ac_cv_prog_ac_ct_RANLIB=ranlib
ac_cv_prog_cc_c89=
ac_cv_prog_cc_g=yes
ac_cv_search_socket='none required'
ac_cv_type_int16_t=yes
ac_cv_type_int32_t=yes
ac_cv_type_sa_family_t=yes
ac_cv_type_size_t=yes
ac_cv_type_socklen_t=yes
ac_cv_type_ssize_t=yes
ac_cv_type_struct_addrinfo=yes
ac_cv_type_struct_if_nameindex=yes
ac_cv_type_struct_sockaddr_dl=no
ac_cv_type_struct_sockaddr_storage=yes
ac_cv_type_struct_timespec=yes
ac_cv_type_t_scalar_t=no
ac_cv_type_t_uscalar_t=yes
ac_cv_type_uint16_t=yes
ac_cv_type_uint32_t=yes
ac_cv_type_uint8_t=yes
ac_cv_unixdomain=yes

## ----------------- ##
## Output variables. ##
## ----------------- ##

CC='gcc'
CFLAGS='-g -O2 -D_REENTRANT -Wall'
CPP='gcc -E'
CPPFLAGS=''
DEFS='-DHAVE_CONFIG_H'
ECHO_C=''
ECHO_N='-n'
ECHO_T=''
EGREP='/bin/grep -E'
EXEEXT=''
GREP='/bin/grep'
LDFLAGS=''
LIBFREE_OBJS=' in_cksum.o inet_ntop.o inet_pton.o'
LIBGAI_OBJS=''
LIBOBJS=''
LIBROUTE_OBJS='get_rtaddrs.o if_indextoname.o if_nameindex.o if_nametoindex.o net_rt_iflist.o net_rt_dump.o sock_masktop.o'
LIBS='-lpthread'
LIBS_XTI='-lpthread'
LIBUNP='../libunp.a'
LIBUNPXTI='../libunpxti.a'
LIBUNPXTI_NAME='../libunpxti.a'
LIBUNP_NAME='../libunp.a'
LIBXTI_OBJS=' wrapxti.o xti_accept.o xti_flags_str.o xti_getopt.o xti_ntop.o xti_ntop_host.o xti_rdwr.o xti_setopt.o xti_str_opts.o xti_tlook_str.o'
LIB_OBJS=' connect_nonb.o connect_timeo.o daemon_inetd.o daemon_init.o dg_cli.o dg_echo.o error.o get_ifi_info.o gf_time.o host_serv.o family_to_level.o mcast_leave.o mcast_join.o mcast_get_if.o mcast_get_loop.o mcast_get_ttl.o mcast_set_if.o mcast_set_loop.o mcast_set_ttl.o my_addrs.o read_fd.o readline.o readn.o readable_timeo.o rtt.o signal.o signal_intr.o sock_bind_wild.o sock_cmp_addr.o sock_cmp_port.o sock_ntop.o sock_ntop_host.o sock_get_port.o sock_set_addr.o sock_set_port.o sock_set_wild.o sockfd_to_family.o str_cli.o str_echo.o tcp_connect.o tcp_listen.o tv_sub.o udp_client.o udp_connect.o udp_server.o wraplib.o wrapsock.o wrapstdio.o wrappthread.o wrapunix.o write_fd.o writen.o writable_timeo.o'
LTLIBOBJS=''
OBJEXT='o'
PACKAGE_BUGREPORT=''
PACKAGE_NAME=''
PACKAGE_STRING=''
PACKAGE_TARNAME=''
PACKAGE_URL=''
PACKAGE_VERSION=''
PATH_SEPARATOR=':'
RANLIB='ranlib'
SHELL='/bin/bash'
ac_ct_CC='gcc'
bindir='${exec_prefix}/bin'
build='i686-pc-linux-gnu'
build_alias=''
build_cpu='i686'
build_os='linux-gnu'
build_vendor='pc'
datadir='${datarootdir}'
datarootdir='${prefix}/share'
docdir='${datarootdir}/doc/${PACKAGE}'
dvidir='${docdir}'
exec_prefix='${prefix}'
host='i686-pc-linux-gnu'
host_alias=''
host_cpu='i686'
host_os='linux-gnu'
host_vendor='pc'
htmldir='${docdir}'
includedir='${prefix}/include'
infodir='${datarootdir}/info'
libdir='${exec_prefix}/lib'
libexecdir='${exec_prefix}/libexec'
localedir='${datarootdir}/locale'
localstatedir='${prefix}/var'
mandir='${datarootdir}/man'
oldincludedir='/usr/include'
pdfdir='${docdir}'
prefix='/usr/local'
program_transform_name='s,x,x,'
psdir='${docdir}'
sbindir='${exec_prefix}/sbin'
sharedstatedir='${prefix}/com'
sysconfdir='${prefix}/etc'
target_alias=''

## ----------- ##
## confdefs.h. ##
## ----------- ##

/* confdefs.h */
#define PACKAGE_NAME ""
#define PACKAGE_TARNAME ""
#define PACKAGE_VERSION ""
#define PACKAGE_STRING ""
#define PACKAGE_BUGREPORT ""
#define PACKAGE_URL ""
#define CPU_VENDOR_OS "i686-pc-linux-gnu"
#define HAVE_LIBPTHREAD 1
#define STDC_HEADERS 1
#define HAVE_SYS_TYPES_H 1
#define HAVE_SYS_SOCKET_H 1
#define HAVE_SYS_TIME_H 1
#define HAVE_TIME_H 1
#define HAVE_NETINET_IN_H 1
#define HAVE_ARPA_INET_H 1
#define HAVE_ERRNO_H 1
#define HAVE_FCNTL_H 1
#define HAVE_NETDB_H 1
#define HAVE_SIGNAL_H 1
#define HAVE_STDIO_H 1
#define HAVE_STDLIB_H 1
#define HAVE_STRING_H 1
#define HAVE_SYS_STAT_H 1
#define HAVE_SYS_UIO_H 1
#define HAVE_UNISTD_H 1
#define HAVE_SYS_WAIT_H 1
#define HAVE_SYS_UN_H 1
#define HAVE_SYS_PARAM_H 1
#define HAVE_SYS_SELECT_H 1
#define HAVE_SYS_SYSCTL_H 1
#define HAVE_POLL_H 1
#define HAVE_STRINGS_H 1
#define HAVE_SYS_IOCTL_H 1
#define HAVE_PTHREAD_H 1
#define HAVE_STROPTS_H 1
#define TIME_WITH_SYS_TIME 1
#define t_scalar_t int32_t
#define HAVE_STRUCT_SOCKADDR_STORAGE 1
#define HAVE_MSGHDR_MSG_CONTROL 1
#define HAVE_STRUCT_IFREQ_IFR_MTU 1
#define HAVE_GETADDRINFO_PROTO 1
#define HAVE_GETNAMEINFO_PROTO 1
#define HAVE_GETHOSTNAME_PROTO 1
#define HAVE_GETRUSAGE_PROTO 1
#define HAVE_HSTRERROR_PROTO 1
#define HAVE_IF_NAMETOINDEX_PROTO 1
#define HAVE_INET_ATON_PROTO 1
#define HAVE_INET_PTON_PROTO 1
#define HAVE_PSELECT_PROTO 1
#define HAVE_SNPRINTF_PROTO 1
#define HAVE_SOCKATMARK_PROTO 1
#define HAVE_ADDRINFO_STRUCT 1
#define HAVE_IF_NAMEINDEX_STRUCT 1
#define HAVE_TIMESPEC_STRUCT 1
#define HAVE_BZERO 1
#define HAVE_GETADDRINFO 1
#define HAVE_GETHOSTNAME 1
#define HAVE_GETHOSTBYNAME2 1
#define HAVE_GETHOSTBYNAME_R 1
#define HAVE_GETNAMEINFO 1
#define HAVE_HSTRERROR 1
#define HAVE_IF_NAMETOINDEX 1
#define HAVE_INET_ATON 1
#define HAVE_INET_PTON 1
#define HAVE_INET6_RTH_INIT 1
#define HAVE_MKSTEMP 1
#define HAVE_POLL 1
#define HAVE_PSELECT 1
#define HAVE_SNPRINTF 1
#define HAVE_SOCKATMARK 1
#define HAVE_VSNPRINTF 1
#define IPV4 1
#define IPv4 1
#define IPV6 1
#define IPv6 1
#define UNIXDOMAIN 1
#define UNIXdomain 1
#define MCAST 1

configure: exit 1
